<?xml version="1.0" encoding="UTF-8"?>
<!-- Generated by org.testng.reporters.JUnitReportReporter -->
<testsuite hostname="DESKTOP-C95QSIM" failures="0" tests="1" name="zoopla.myrunner.ZooplaMyRunnerClass" time="10.719" errors="0" timestamp="2022-09-01T23:11:00 AMT" skipped="0">
  <testcase classname="zoopla.myrunner.ZooplaMyRunnerClass" name="runScenario" time="10.719"/>
  <system-out/>
</testsuite> <!-- zoopla.myrunner.ZooplaMyRunnerClass -->
