<?xml version="1.0" encoding="UTF-8"?>
<!-- Generated by org.testng.reporters.JUnitReportReporter -->
<testsuite hostname="DESKTOP-C95QSIM" failures="0" tests="1" name="zoopla.myrunner.ZooplaMyRunnerClass" time="11.933" errors="0" timestamp="2022-09-04T11:46:53 AMT" skipped="0">
  <testcase classname="zoopla.myrunner.ZooplaMyRunnerClass" name="runScenario" time="11.933"/>
  <system-out/>
</testsuite> <!-- zoopla.myrunner.ZooplaMyRunnerClass -->
