<?xml version="1.0" encoding="UTF-8"?>
<!-- Generated by org.testng.reporters.JUnitReportReporter -->
<testsuite hostname="DESKTOP-C95QSIM" failures="0" tests="1" name="zoopla.myrunner.ZooplaMyRunnerClass" time="15.057" errors="0" timestamp="02 Sep 2022 22:29:21 GMT" skipped="0">
  <testcase classname="zoopla.myrunner.ZooplaMyRunnerClass" name="runScenario" time="15.057"/>
</testsuite> <!-- zoopla.myrunner.ZooplaMyRunnerClass -->
